#
# There is insufficient memory for the Java Runtime Environment to continue.
# Native memory allocation (malloc) failed to allocate 1486896 bytes for Chunk::new
# Possible reasons:
#   The system is out of physical RAM or swap space
#   The process is running with CompressedOops enabled, and the Java Heap may be blocking the growth of the native heap
# Possible solutions:
#   Reduce memory load on the system
#   Increase physical memory or swap space
#   Check if swap backing store is full
#   Decrease Java heap size (-Xmx/-Xms)
#   Decrease number of Java threads
#   Decrease Java thread stack sizes (-Xss)
#   Set larger code cache with -XX:ReservedCodeCacheSize=
#   JVM is running with Unscaled Compressed Oops mode in which the Java heap is
#     placed in the first 4GB address space. The Java Heap base address is the
#     maximum limit for the native heap growth. Please use -XX:HeapBaseMinAddress
#     to set the Java Heap base and to place the Java Heap above 4GB virtual address.
# This output file may be truncated or incomplete.
#
#  Out of Memory Error (./src/hotspot/share/memory/arena.cpp:197), pid=20104, tid=14924
#
# JRE version: OpenJDK Runtime Environment (11.0.13) (build 11.0.13+0-b1751.21-8125866)
# Java VM: OpenJDK 64-Bit Server VM (11.0.13+0-b1751.21-8125866, mixed mode, tiered, compressed oops, g1 gc, windows-amd64)
# No core dump will be written. Minidumps are not enabled by default on client versions of Windows
#

---------------  S U M M A R Y ------------

Command Line: --add-opens=java.base/java.util=ALL-UNNAMED --add-opens=java.base/java.lang=ALL-UNNAMED --add-opens=java.base/java.lang.invoke=ALL-UNNAMED --add-opens=java.base/java.util=ALL-UNNAMED --add-opens=java.prefs/java.util.prefs=ALL-UNNAMED --add-opens=java.prefs/java.util.prefs=ALL-UNNAMED --add-opens=java.base/java.nio.charset=ALL-UNNAMED --add-opens=java.base/java.net=ALL-UNNAMED --add-opens=java.base/java.util.concurrent.atomic=ALL-UNNAMED -Xmx2048m -Dfile.encoding=windows-1252 -Duser.country=FR -Duser.language=fr -Duser.variant org.gradle.launcher.daemon.bootstrap.GradleDaemon 7.4

Host: Intel(R) Core(TM) i5-10210U CPU @ 1.60GHz, 8 cores, 15G,  Windows 11 , 64 bit Build 22621 (10.0.22621.755)
Time: Mon Dec 12 14:31:30 2022 Paris, Madrid elapsed time: 4.984257 seconds (0d 0h 0m 4s)

---------------  T H R E A D  ---------------

Current thread (0x0000027a94aae000):  JavaThread "C2 CompilerThread1" daemon [_thread_in_native, id=14924, stack(0x000000ce85f00000,0x000000ce86000000)]


Current CompileTask:
C2:   4984 2096       4       java.net.URLClassLoader$1::run (5 bytes)

Stack: [0x000000ce85f00000,0x000000ce86000000]
Native frames: (J=compiled Java code, j=interpreted, Vv=VM code, C=native code)
V  [jvm.dll+0x6100fa]
V  [jvm.dll+0x747090]
V  [jvm.dll+0x7486ad]
V  [jvm.dll+0x748d83]
V  [jvm.dll+0x24ab48]
V  [jvm.dll+0xc04dc]
V  [jvm.dll+0xc0a0c]
V  [jvm.dll+0x35eb9d]
V  [jvm.dll+0x19d9bc]
V  [jvm.dll+0x2033be]
V  [jvm.dll+0x202437]
V  [jvm.dll+0x188e01]
V  [jvm.dll+0x21106b]
V  [jvm.dll+0x20f8c1]
V  [jvm.dll+0x70de0f]
V  [jvm.dll+0x706a75]
V  [jvm.dll+0x60ed66]
C  [ucrtbase.dll+0x29363]
C  [KERNEL32.DLL+0x1244d]
C  [ntdll.dll+0x5dfb8]


---------------  P R O C E S S  ---------------

Threads class SMR info:
_java_thread_list=0x0000027a951518b0, length=27, elements={
0x0000027af51ae000, 0x0000027a91f92000, 0x0000027a91f9e000, 0x0000027a91ff3800,
0x0000027a91ff4800, 0x0000027a91ff6000, 0x0000027a92008000, 0x0000027a9200e000,
0x0000027a9200f000, 0x0000027a9216a800, 0x0000027a938bf000, 0x0000027a92d29800,
0x0000027a92539800, 0x0000027a94367800, 0x0000027a942a1800, 0x0000027a93f0b800,
0x0000027a93edb000, 0x0000027a94360800, 0x0000027a93c4e800, 0x0000027a94520800,
0x0000027a94921800, 0x0000027a94921000, 0x0000027a94922800, 0x0000027a94aae000,
0x0000027a95443800, 0x0000027a94920000, 0x0000027a973ab000
}

Java Threads: ( => current thread )
  0x0000027af51ae000 JavaThread "main" [_thread_blocked, id=7040, stack(0x000000ce83900000,0x000000ce83a00000)]
  0x0000027a91f92000 JavaThread "Reference Handler" daemon [_thread_blocked, id=20020, stack(0x000000ce84000000,0x000000ce84100000)]
  0x0000027a91f9e000 JavaThread "Finalizer" daemon [_thread_blocked, id=14788, stack(0x000000ce84100000,0x000000ce84200000)]
  0x0000027a91ff3800 JavaThread "Signal Dispatcher" daemon [_thread_blocked, id=7456, stack(0x000000ce84200000,0x000000ce84300000)]
  0x0000027a91ff4800 JavaThread "Attach Listener" daemon [_thread_blocked, id=8196, stack(0x000000ce84300000,0x000000ce84400000)]
  0x0000027a91ff6000 JavaThread "Service Thread" daemon [_thread_blocked, id=17124, stack(0x000000ce84400000,0x000000ce84500000)]
  0x0000027a92008000 JavaThread "C2 CompilerThread0" daemon [_thread_in_native, id=1712, stack(0x000000ce84500000,0x000000ce84600000)]
  0x0000027a9200e000 JavaThread "C1 CompilerThread0" daemon [_thread_in_native, id=18616, stack(0x000000ce84600000,0x000000ce84700000)]
  0x0000027a9200f000 JavaThread "Sweeper thread" daemon [_thread_blocked, id=16836, stack(0x000000ce84700000,0x000000ce84800000)]
  0x0000027a9216a800 JavaThread "Common-Cleaner" daemon [_thread_blocked, id=9444, stack(0x000000ce84800000,0x000000ce84900000)]
  0x0000027a938bf000 JavaThread "Daemon health stats" [_thread_blocked, id=14700, stack(0x000000ce85100000,0x000000ce85200000)]
  0x0000027a92d29800 JavaThread "Incoming local TCP Connector on port 65096" [_thread_in_native, id=10700, stack(0x000000ce84a00000,0x000000ce84b00000)]
  0x0000027a92539800 JavaThread "Daemon periodic checks" [_thread_blocked, id=14948, stack(0x000000ce84b00000,0x000000ce84c00000)]
  0x0000027a94367800 JavaThread "Daemon" [_thread_blocked, id=8404, stack(0x000000ce85200000,0x000000ce85300000)]
  0x0000027a942a1800 JavaThread "Handler for socket connection from /127.0.0.1:65096 to /127.0.0.1:65097" [_thread_in_native, id=19432, stack(0x000000ce85300000,0x000000ce85400000)]
  0x0000027a93f0b800 JavaThread "Cancel handler" [_thread_blocked, id=7124, stack(0x000000ce85400000,0x000000ce85500000)]
  0x0000027a93edb000 JavaThread "Daemon worker" [_thread_in_Java, id=21060, stack(0x000000ce85500000,0x000000ce85600000)]
  0x0000027a94360800 JavaThread "Asynchronous log dispatcher for DefaultDaemonConnection: socket connection from /127.0.0.1:65096 to /127.0.0.1:65097" [_thread_blocked, id=20580, stack(0x000000ce85600000,0x000000ce85700000)]
  0x0000027a93c4e800 JavaThread "Stdin handler" [_thread_blocked, id=19040, stack(0x000000ce85700000,0x000000ce85800000)]
  0x0000027a94520800 JavaThread "Daemon client event forwarder" [_thread_blocked, id=15236, stack(0x000000ce85800000,0x000000ce85900000)]
  0x0000027a94921800 JavaThread "Cache worker for journal cache (C:\Users\vatsou\.gradle\caches\journal-1)" [_thread_blocked, id=18752, stack(0x000000ce85b00000,0x000000ce85c00000)]
  0x0000027a94921000 JavaThread "File lock request listener" [_thread_in_native, id=20508, stack(0x000000ce85c00000,0x000000ce85d00000)]
  0x0000027a94922800 JavaThread "Cache worker for file hash cache (C:\Users\vatsou\.gradle\caches\7.4\fileHashes)" [_thread_blocked, id=2740, stack(0x000000ce85e00000,0x000000ce85f00000)]
=>0x0000027a94aae000 JavaThread "C2 CompilerThread1" daemon [_thread_in_native, id=14924, stack(0x000000ce85f00000,0x000000ce86000000)]
  0x0000027a95443800 JavaThread "C2 CompilerThread2" daemon [_thread_in_native, id=4804, stack(0x000000ce86000000,0x000000ce86100000)]
  0x0000027a94920000 JavaThread "File watcher server" daemon [_thread_in_native, id=9564, stack(0x000000ce86100000,0x000000ce86200000)]
  0x0000027a973ab000 JavaThread "File watcher consumer" daemon [_thread_blocked, id=16604, stack(0x000000ce86200000,0x000000ce86300000)]

Other Threads:
  0x0000027a91f8c800 VMThread "VM Thread" [stack: 0x000000ce83f00000,0x000000ce84000000] [id=20528]
  0x0000027a92193800 WatcherThread [stack: 0x000000ce84900000,0x000000ce84a00000] [id=2960]
  0x0000027af71f4000 GCTaskThread "GC Thread#0" [stack: 0x000000ce83a00000,0x000000ce83b00000] [id=18588]
  0x0000027a92954800 GCTaskThread "GC Thread#1" [stack: 0x000000ce84c00000,0x000000ce84d00000] [id=16000]
  0x0000027a92fa6800 GCTaskThread "GC Thread#2" [stack: 0x000000ce84d00000,0x000000ce84e00000] [id=6884]
  0x0000027a9328a000 GCTaskThread "GC Thread#3" [stack: 0x000000ce84e00000,0x000000ce84f00000] [id=15816]
  0x0000027a929b8000 GCTaskThread "GC Thread#4" [stack: 0x000000ce84f00000,0x000000ce85000000] [id=13432]
  0x0000027a929b9000 GCTaskThread "GC Thread#5" [stack: 0x000000ce85000000,0x000000ce85100000] [id=18340]
  0x0000027a94195800 GCTaskThread "GC Thread#6" [stack: 0x000000ce85900000,0x000000ce85a00000] [id=17412]
  0x0000027a952d1800 GCTaskThread "GC Thread#7" [stack: 0x000000ce85a00000,0x000000ce85b00000] [id=8152]
  0x0000027af7227000 ConcurrentGCThread "G1 Main Marker" [stack: 0x000000ce83b00000,0x000000ce83c00000] [id=2692]
  0x0000027af7228000 ConcurrentGCThread "G1 Conc#0" [stack: 0x000000ce83c00000,0x000000ce83d00000] [id=2032]
  0x0000027a9270c000 ConcurrentGCThread "G1 Conc#1" [stack: 0x000000ce85d00000,0x000000ce85e00000] [id=20684]
  0x0000027af72ae000 ConcurrentGCThread "G1 Refine#0" [stack: 0x000000ce83d00000,0x000000ce83e00000] [id=20316]
  0x0000027a915de800 ConcurrentGCThread "G1 Young RemSet Sampling" [stack: 0x000000ce83e00000,0x000000ce83f00000] [id=18332]

Threads with active compile tasks:
C2 CompilerThread0   5028 2097   !   4       java.net.URLClassLoader$1::run (81 bytes)
C1 CompilerThread0   5028 2284       3       java.net.URI::decode (380 bytes)
C2 CompilerThread1   5028 2096       4       java.net.URLClassLoader$1::run (5 bytes)
C2 CompilerThread2   5028 2275  s    4       java.io.BufferedInputStream::read (113 bytes)

VM state:not at safepoint (normal execution)

VM Mutex/Monitor currently owned by a thread: None

Heap address: 0x0000000080000000, size: 2048 MB, Compressed Oops mode: 32-bit
Narrow klass base: 0x0000000000000000, Narrow klass shift: 3
Compressed class space size: 1073741824 Address: 0x0000000100000000

Heap:
 garbage-first heap   total 260096K, used 73423K [0x0000000080000000, 0x0000000100000000)
  region size 1024K, 57 young (58368K), 1 survivors (1024K)
 Metaspace       used 26896K, capacity 27584K, committed 27904K, reserved 1073152K
  class space    used 3502K, capacity 3754K, committed 3840K, reserved 1048576K
Heap Regions: E=young(eden), S=young(survivor), O=old, HS=humongous(starts), HC=humongous(continues), CS=collection set, F=free, A=archive, TAMS=top-at-mark-start (previous, next)
|   0|0x0000000080000000, 0x0000000080100000, 0x0000000080100000|100%| O|  |TAMS 0x0000000080100000, 0x0000000080000000| Untracked 
|   1|0x0000000080100000, 0x0000000080200000, 0x0000000080200000|100%| O|  |TAMS 0x0000000080200000, 0x0000000080100000| Untracked 
|   2|0x0000000080200000, 0x0000000080300000, 0x0000000080300000|100%| O|  |TAMS 0x0000000080300000, 0x0000000080200000| Untracked 
|   3|0x0000000080300000, 0x0000000080400000, 0x0000000080400000|100%|HS|  |TAMS 0x0000000080400000, 0x0000000080300000| Complete 
|   4|0x0000000080400000, 0x0000000080500000, 0x0000000080500000|100%|HC|  |TAMS 0x0000000080500000, 0x0000000080400000| Complete 
|   5|0x0000000080500000, 0x0000000080600000, 0x0000000080600000|100%|HC|  |TAMS 0x0000000080600000, 0x0000000080500000| Complete 
|   6|0x0000000080600000, 0x0000000080700000, 0x0000000080700000|100%| O|  |TAMS 0x0000000080700000, 0x0000000080600000| Untracked 
|   7|0x0000000080700000, 0x0000000080800000, 0x0000000080800000|100%| O|  |TAMS 0x0000000080800000, 0x0000000080700000| Untracked 
|   8|0x0000000080800000, 0x0000000080900000, 0x0000000080900000|100%| O|  |TAMS 0x0000000080900000, 0x0000000080800000| Untracked 
|   9|0x0000000080900000, 0x0000000080a00000, 0x0000000080a00000|100%| O|  |TAMS 0x0000000080a00000, 0x0000000080900000| Untracked 
|  10|0x0000000080a00000, 0x0000000080b00000, 0x0000000080b00000|100%| O|  |TAMS 0x0000000080b00000, 0x0000000080a00000| Untracked 
|  11|0x0000000080b00000, 0x0000000080c00000, 0x0000000080c00000|100%| O|  |TAMS 0x0000000080c00000, 0x0000000080b00000| Untracked 
|  12|0x0000000080c00000, 0x0000000080d00000, 0x0000000080d00000|100%| O|  |TAMS 0x0000000080d00000, 0x0000000080c00000| Untracked 
|  13|0x0000000080d00000, 0x0000000080e00000, 0x0000000080e00000|100%| O|  |TAMS 0x0000000080e00000, 0x0000000080d00000| Untracked 
|  14|0x0000000080e00000, 0x0000000080f00000, 0x0000000080f00000|100%| O|  |TAMS 0x0000000080f00000, 0x0000000080e00000| Untracked 
|  15|0x0000000080f00000, 0x0000000080fbae00, 0x0000000081000000| 72%| O|  |TAMS 0x0000000080fbae00, 0x0000000080f00000| Untracked 
|  16|0x0000000081000000, 0x0000000081000000, 0x0000000081100000|  0%| F|  |TAMS 0x0000000081000000, 0x0000000081000000| Untracked 
|  17|0x0000000081100000, 0x0000000081100000, 0x0000000081200000|  0%| F|  |TAMS 0x0000000081100000, 0x0000000081100000| Untracked 
|  18|0x0000000081200000, 0x0000000081200000, 0x0000000081300000|  0%| F|  |TAMS 0x0000000081200000, 0x0000000081200000| Untracked 
|  19|0x0000000081300000, 0x0000000081300000, 0x0000000081400000|  0%| F|  |TAMS 0x0000000081300000, 0x0000000081300000| Untracked 
|  20|0x0000000081400000, 0x0000000081400000, 0x0000000081500000|  0%| F|  |TAMS 0x0000000081400000, 0x0000000081400000| Untracked 
|  21|0x0000000081500000, 0x0000000081500000, 0x0000000081600000|  0%| F|  |TAMS 0x0000000081500000, 0x0000000081500000| Untracked 
|  22|0x0000000081600000, 0x0000000081600000, 0x0000000081700000|  0%| F|  |TAMS 0x0000000081600000, 0x0000000081600000| Untracked 
|  23|0x0000000081700000, 0x0000000081700000, 0x0000000081800000|  0%| F|  |TAMS 0x0000000081700000, 0x0000000081700000| Untracked 
|  24|0x0000000081800000, 0x0000000081800000, 0x0000000081900000|  0%| F|  |TAMS 0x0000000081800000, 0x0000000081800000| Untracked 
|  25|0x0000000081900000, 0x0000000081900000, 0x0000000081a00000|  0%| F|  |TAMS 0x0000000081900000, 0x0000000081900000| Untracked 
|  26|0x0000000081a00000, 0x0000000081a00000, 0x0000000081b00000|  0%| F|  |TAMS 0x0000000081a00000, 0x0000000081a00000| Untracked 
|  27|0x0000000081b00000, 0x0000000081b00000, 0x0000000081c00000|  0%| F|  |TAMS 0x0000000081b00000, 0x0000000081b00000| Untracked 
|  28|0x0000000081c00000, 0x0000000081c00000, 0x0000000081d00000|  0%| F|  |TAMS 0x0000000081c00000, 0x0000000081c00000| Untracked 
|  29|0x0000000081d00000, 0x0000000081d00000, 0x0000000081e00000|  0%| F|  |TAMS 0x0000000081d00000, 0x0000000081d00000| Untracked 
|  30|0x0000000081e00000, 0x0000000081e00000, 0x0000000081f00000|  0%| F|  |TAMS 0x0000000081e00000, 0x0000000081e00000| Untracked 
|  31|0x0000000081f00000, 0x0000000081f00000, 0x0000000082000000|  0%| F|  |TAMS 0x0000000081f00000, 0x0000000081f00000| Untracked 
|  32|0x0000000082000000, 0x0000000082000000, 0x0000000082100000|  0%| F|  |TAMS 0x0000000082000000, 0x0000000082000000| Untracked 
|  33|0x0000000082100000, 0x0000000082100000, 0x0000000082200000|  0%| F|  |TAMS 0x0000000082100000, 0x0000000082100000| Untracked 
|  34|0x0000000082200000, 0x0000000082200000, 0x0000000082300000|  0%| F|  |TAMS 0x0000000082200000, 0x0000000082200000| Untracked 
|  35|0x0000000082300000, 0x0000000082300000, 0x0000000082400000|  0%| F|  |TAMS 0x0000000082300000, 0x0000000082300000| Untracked 
|  36|0x0000000082400000, 0x0000000082400000, 0x0000000082500000|  0%| F|  |TAMS 0x0000000082400000, 0x0000000082400000| Untracked 
|  37|0x0000000082500000, 0x0000000082500000, 0x0000000082600000|  0%| F|  |TAMS 0x0000000082500000, 0x0000000082500000| Untracked 
|  38|0x0000000082600000, 0x0000000082600000, 0x0000000082700000|  0%| F|  |TAMS 0x0000000082600000, 0x0000000082600000| Untracked 
|  39|0x0000000082700000, 0x0000000082700000, 0x0000000082800000|  0%| F|  |TAMS 0x0000000082700000, 0x0000000082700000| Untracked 
|  40|0x0000000082800000, 0x0000000082800000, 0x0000000082900000|  0%| F|  |TAMS 0x0000000082800000, 0x0000000082800000| Untracked 
|  41|0x0000000082900000, 0x0000000082900000, 0x0000000082a00000|  0%| F|  |TAMS 0x0000000082900000, 0x0000000082900000| Untracked 
|  42|0x0000000082a00000, 0x0000000082a00000, 0x0000000082b00000|  0%| F|  |TAMS 0x0000000082a00000, 0x0000000082a00000| Untracked 
|  43|0x0000000082b00000, 0x0000000082b00000, 0x0000000082c00000|  0%| F|  |TAMS 0x0000000082b00000, 0x0000000082b00000| Untracked 
|  44|0x0000000082c00000, 0x0000000082c00000, 0x0000000082d00000|  0%| F|  |TAMS 0x0000000082c00000, 0x0000000082c00000| Untracked 
|  45|0x0000000082d00000, 0x0000000082d00000, 0x0000000082e00000|  0%| F|  |TAMS 0x0000000082d00000, 0x0000000082d00000| Untracked 
|  46|0x0000000082e00000, 0x0000000082e00000, 0x0000000082f00000|  0%| F|  |TAMS 0x0000000082e00000, 0x0000000082e00000| Untracked 
|  47|0x0000000082f00000, 0x0000000082f00000, 0x0000000083000000|  0%| F|  |TAMS 0x0000000082f00000, 0x0000000082f00000| Untracked 
|  48|0x0000000083000000, 0x0000000083000000, 0x0000000083100000|  0%| F|  |TAMS 0x0000000083000000, 0x0000000083000000| Untracked 
|  49|0x0000000083100000, 0x0000000083100000, 0x0000000083200000|  0%| F|  |TAMS 0x0000000083100000, 0x0000000083100000| Untracked 
|  50|0x0000000083200000, 0x0000000083200000, 0x0000000083300000|  0%| F|  |TAMS 0x0000000083200000, 0x0000000083200000| Untracked 
|  51|0x0000000083300000, 0x0000000083300000, 0x0000000083400000|  0%| F|  |TAMS 0x0000000083300000, 0x0000000083300000| Untracked 
|  52|0x0000000083400000, 0x0000000083400000, 0x0000000083500000|  0%| F|  |TAMS 0x0000000083400000, 0x0000000083400000| Untracked 
|  53|0x0000000083500000, 0x0000000083500000, 0x0000000083600000|  0%| F|  |TAMS 0x0000000083500000, 0x0000000083500000| Untracked 
|  54|0x0000000083600000, 0x0000000083600000, 0x0000000083700000|  0%| F|  |TAMS 0x0000000083600000, 0x0000000083600000| Untracked 
|  55|0x0000000083700000, 0x0000000083700000, 0x0000000083800000|  0%| F|  |TAMS 0x0000000083700000, 0x0000000083700000| Untracked 
|  56|0x0000000083800000, 0x0000000083800000, 0x0000000083900000|  0%| F|  |TAMS 0x0000000083800000, 0x0000000083800000| Untracked 
|  57|0x0000000083900000, 0x0000000083900000, 0x0000000083a00000|  0%| F|  |TAMS 0x0000000083900000, 0x0000000083900000| Untracked 
|  58|0x0000000083a00000, 0x0000000083a00000, 0x0000000083b00000|  0%| F|  |TAMS 0x0000000083a00000, 0x0000000083a00000| Untracked 
|  59|0x0000000083b00000, 0x0000000083b00000, 0x0000000083c00000|  0%| F|  |TAMS 0x0000000083b00000, 0x0000000083b00000| Untracked 
|  60|0x0000000083c00000, 0x0000000083c00000, 0x0000000083d00000|  0%| F|  |TAMS 0x0000000083c00000, 0x0000000083c00000| Untracked 
|  61|0x0000000083d00000, 0x0000000083d00000, 0x0000000083e00000|  0%| F|  |TAMS 0x0000000083d00000, 0x0000000083d00000| Untracked 
|  62|0x0000000083e00000, 0x0000000083e00000, 0x0000000083f00000|  0%| F|  |TAMS 0x0000000083e00000, 0x0000000083e00000| Untracked 
|  63|0x0000000083f00000, 0x0000000083f00000, 0x0000000084000000|  0%| F|  |TAMS 0x0000000083f00000, 0x0000000083f00000| Untracked 
|  64|0x0000000084000000, 0x0000000084000000, 0x0000000084100000|  0%| F|  |TAMS 0x0000000084000000, 0x0000000084000000| Untracked 
|  65|0x0000000084100000, 0x0000000084100000, 0x0000000084200000|  0%| F|  |TAMS 0x0000000084100000, 0x0000000084100000| Untracked 
|  66|0x0000000084200000, 0x0000000084200000, 0x0000000084300000|  0%| F|  |TAMS 0x0000000084200000, 0x0000000084200000| Untracked 
|  67|0x0000000084300000, 0x0000000084300000, 0x0000000084400000|  0%| F|  |TAMS 0x0000000084300000, 0x0000000084300000| Untracked 
|  68|0x0000000084400000, 0x0000000084400000, 0x0000000084500000|  0%| F|  |TAMS 0x0000000084400000, 0x0000000084400000| Untracked 
|  69|0x0000000084500000, 0x0000000084500000, 0x0000000084600000|  0%| F|  |TAMS 0x0000000084500000, 0x0000000084500000| Untracked 
|  70|0x0000000084600000, 0x0000000084600000, 0x0000000084700000|  0%| F|  |TAMS 0x0000000084600000, 0x0000000084600000| Untracked 
|  71|0x0000000084700000, 0x0000000084700000, 0x0000000084800000|  0%| F|  |TAMS 0x0000000084700000, 0x0000000084700000| Untracked 
|  72|0x0000000084800000, 0x0000000084800000, 0x0000000084900000|  0%| F|  |TAMS 0x0000000084800000, 0x0000000084800000| Untracked 
|  73|0x0000000084900000, 0x0000000084900000, 0x0000000084a00000|  0%| F|  |TAMS 0x0000000084900000, 0x0000000084900000| Untracked 
|  74|0x0000000084a00000, 0x0000000084a00000, 0x0000000084b00000|  0%| F|  |TAMS 0x0000000084a00000, 0x0000000084a00000| Untracked 
|  75|0x0000000084b00000, 0x0000000084b00000, 0x0000000084c00000|  0%| F|  |TAMS 0x0000000084b00000, 0x0000000084b00000| Untracked 
|  76|0x0000000084c00000, 0x0000000084c00000, 0x0000000084d00000|  0%| F|  |TAMS 0x0000000084c00000, 0x0000000084c00000| Untracked 
|  77|0x0000000084d00000, 0x0000000084d00000, 0x0000000084e00000|  0%| F|  |TAMS 0x0000000084d00000, 0x0000000084d00000| Untracked 
|  78|0x0000000084e00000, 0x0000000084e00000, 0x0000000084f00000|  0%| F|  |TAMS 0x0000000084e00000, 0x0000000084e00000| Untracked 
|  79|0x0000000084f00000, 0x0000000084f00000, 0x0000000085000000|  0%| F|  |TAMS 0x0000000084f00000, 0x0000000084f00000| Untracked 
|  80|0x0000000085000000, 0x0000000085000000, 0x0000000085100000|  0%| F|  |TAMS 0x0000000085000000, 0x0000000085000000| Untracked 
|  81|0x0000000085100000, 0x0000000085100000, 0x0000000085200000|  0%| F|  |TAMS 0x0000000085100000, 0x0000000085100000| Untracked 
|  82|0x0000000085200000, 0x0000000085200000, 0x0000000085300000|  0%| F|  |TAMS 0x0000000085200000, 0x0000000085200000| Untracked 
|  83|0x0000000085300000, 0x0000000085300000, 0x0000000085400000|  0%| F|  |TAMS 0x0000000085300000, 0x0000000085300000| Untracked 
|  84|0x0000000085400000, 0x0000000085400000, 0x0000000085500000|  0%| F|  |TAMS 0x0000000085400000, 0x0000000085400000| Untracked 
|  85|0x0000000085500000, 0x0000000085500000, 0x0000000085600000|  0%| F|  |TAMS 0x0000000085500000, 0x0000000085500000| Untracked 
|  86|0x0000000085600000, 0x0000000085600000, 0x0000000085700000|  0%| F|  |TAMS 0x0000000085600000, 0x0000000085600000| Untracked 
|  87|0x0000000085700000, 0x0000000085700000, 0x0000000085800000|  0%| F|  |TAMS 0x0000000085700000, 0x0000000085700000| Untracked 
|  88|0x0000000085800000, 0x0000000085800000, 0x0000000085900000|  0%| F|  |TAMS 0x0000000085800000, 0x0000000085800000| Untracked 
|  89|0x0000000085900000, 0x0000000085900000, 0x0000000085a00000|  0%| F|  |TAMS 0x0000000085900000, 0x0000000085900000| Untracked 
|  90|0x0000000085a00000, 0x0000000085a00000, 0x0000000085b00000|  0%| F|  |TAMS 0x0000000085a00000, 0x0000000085a00000| Untracked 
|  91|0x0000000085b00000, 0x0000000085b00000, 0x0000000085c00000|  0%| F|  |TAMS 0x0000000085b00000, 0x0000000085b00000| Untracked 
|  92|0x0000000085c00000, 0x0000000085c00000, 0x0000000085d00000|  0%| F|  |TAMS 0x0000000085c00000, 0x0000000085c00000| Untracked 
|  93|0x0000000085d00000, 0x0000000085d00000, 0x0000000085e00000|  0%| F|  |TAMS 0x0000000085d00000, 0x0000000085d00000| Untracked 
|  94|0x0000000085e00000, 0x0000000085e00000, 0x0000000085f00000|  0%| F|  |TAMS 0x0000000085e00000, 0x0000000085e00000| Untracked 
|  95|0x0000000085f00000, 0x0000000085f00000, 0x0000000086000000|  0%| F|  |TAMS 0x0000000085f00000, 0x0000000085f00000| Untracked 
|  96|0x0000000086000000, 0x0000000086000000, 0x0000000086100000|  0%| F|  |TAMS 0x0000000086000000, 0x0000000086000000| Untracked 
|  97|0x0000000086100000, 0x0000000086100000, 0x0000000086200000|  0%| F|  |TAMS 0x0000000086100000, 0x0000000086100000| Untracked 
|  98|0x0000000086200000, 0x0000000086200000, 0x0000000086300000|  0%| F|  |TAMS 0x0000000086200000, 0x0000000086200000| Untracked 
|  99|0x0000000086300000, 0x0000000086300000, 0x0000000086400000|  0%| F|  |TAMS 0x0000000086300000, 0x0000000086300000| Untracked 
| 100|0x0000000086400000, 0x0000000086400000, 0x0000000086500000|  0%| F|  |TAMS 0x0000000086400000, 0x0000000086400000| Untracked 
| 101|0x0000000086500000, 0x0000000086500000, 0x0000000086600000|  0%| F|  |TAMS 0x0000000086500000, 0x0000000086500000| Untracked 
| 102|0x0000000086600000, 0x0000000086600000, 0x0000000086700000|  0%| F|  |TAMS 0x0000000086600000, 0x0000000086600000| Untracked 
| 103|0x0000000086700000, 0x0000000086700000, 0x0000000086800000|  0%| F|  |TAMS 0x0000000086700000, 0x0000000086700000| Untracked 
| 104|0x0000000086800000, 0x0000000086800000, 0x0000000086900000|  0%| F|  |TAMS 0x0000000086800000, 0x0000000086800000| Untracked 
| 105|0x0000000086900000, 0x0000000086900000, 0x0000000086a00000|  0%| F|  |TAMS 0x0000000086900000, 0x0000000086900000| Untracked 
| 106|0x0000000086a00000, 0x0000000086a00000, 0x0000000086b00000|  0%| F|  |TAMS 0x0000000086a00000, 0x0000000086a00000| Untracked 
| 107|0x0000000086b00000, 0x0000000086b00000, 0x0000000086c00000|  0%| F|  |TAMS 0x0000000086b00000, 0x0000000086b00000| Untracked 
| 108|0x0000000086c00000, 0x0000000086c00000, 0x0000000086d00000|  0%| F|  |TAMS 0x0000000086c00000, 0x0000000086c00000| Untracked 
| 109|0x0000000086d00000, 0x0000000086d00000, 0x0000000086e00000|  0%| F|  |TAMS 0x0000000086d00000, 0x0000000086d00000| Untracked 
| 110|0x0000000086e00000, 0x0000000086e00000, 0x0000000086f00000|  0%| F|  |TAMS 0x0000000086e00000, 0x0000000086e00000| Untracked 
| 111|0x0000000086f00000, 0x0000000086f00000, 0x0000000087000000|  0%| F|  |TAMS 0x0000000086f00000, 0x0000000086f00000| Untracked 
| 112|0x0000000087000000, 0x0000000087000000, 0x0000000087100000|  0%| F|  |TAMS 0x0000000087000000, 0x0000000087000000| Untracked 
| 113|0x0000000087100000, 0x0000000087100000, 0x0000000087200000|  0%| F|  |TAMS 0x0000000087100000, 0x0000000087100000| Untracked 
| 114|0x0000000087200000, 0x0000000087200000, 0x0000000087300000|  0%| F|  |TAMS 0x0000000087200000, 0x0000000087200000| Untracked 
| 115|0x0000000087300000, 0x0000000087300000, 0x0000000087400000|  0%| F|  |TAMS 0x0000000087300000, 0x0000000087300000| Untracked 
| 116|0x0000000087400000, 0x0000000087400000, 0x0000000087500000|  0%| F|  |TAMS 0x0000000087400000, 0x0000000087400000| Untracked 
| 117|0x0000000087500000, 0x0000000087500000, 0x0000000087600000|  0%| F|  |TAMS 0x0000000087500000, 0x0000000087500000| Untracked 
| 118|0x0000000087600000, 0x0000000087600000, 0x0000000087700000|  0%| F|  |TAMS 0x0000000087600000, 0x0000000087600000| Untracked 
| 119|0x0000000087700000, 0x0000000087700000, 0x0000000087800000|  0%| F|  |TAMS 0x0000000087700000, 0x0000000087700000| Untracked 
| 120|0x0000000087800000, 0x0000000087800000, 0x0000000087900000|  0%| F|  |TAMS 0x0000000087800000, 0x0000000087800000| Untracked 
| 121|0x0000000087900000, 0x0000000087900000, 0x0000000087a00000|  0%| F|  |TAMS 0x0000000087900000, 0x0000000087900000| Untracked 
| 122|0x0000000087a00000, 0x0000000087a00000, 0x0000000087b00000|  0%| F|  |TAMS 0x0000000087a00000, 0x0000000087a00000| Untracked 
| 123|0x0000000087b00000, 0x0000000087b00000, 0x0000000087c00000|  0%| F|  |TAMS 0x0000000087b00000, 0x0000000087b00000| Untracked 
| 124|0x0000000087c00000, 0x0000000087c00000, 0x0000000087d00000|  0%| F|  |TAMS 0x0000000087c00000, 0x0000000087c00000| Untracked 
| 125|0x0000000087d00000, 0x0000000087d00000, 0x0000000087e00000|  0%| F|  |TAMS 0x0000000087d00000, 0x0000000087d00000| Untracked 
| 126|0x0000000087e00000, 0x0000000087e00000, 0x0000000087f00000|  0%| F|  |TAMS 0x0000000087e00000, 0x0000000087e00000| Untracked 
| 127|0x0000000087f00000, 0x0000000087f00000, 0x0000000088000000|  0%| F|  |TAMS 0x0000000087f00000, 0x0000000087f00000| Untracked 
| 128|0x0000000088000000, 0x0000000088000000, 0x0000000088100000|  0%| F|  |TAMS 0x0000000088000000, 0x0000000088000000| Untracked 
| 129|0x0000000088100000, 0x0000000088100000, 0x0000000088200000|  0%| F|  |TAMS 0x0000000088100000, 0x0000000088100000| Untracked 
| 130|0x0000000088200000, 0x0000000088200000, 0x0000000088300000|  0%| F|  |TAMS 0x0000000088200000, 0x0000000088200000| Untracked 
| 131|0x0000000088300000, 0x0000000088300000, 0x0000000088400000|  0%| F|  |TAMS 0x0000000088300000, 0x0000000088300000| Untracked 
| 132|0x0000000088400000, 0x0000000088400000, 0x0000000088500000|  0%| F|  |TAMS 0x0000000088400000, 0x0000000088400000| Untracked 
| 133|0x0000000088500000, 0x0000000088500000, 0x0000000088600000|  0%| F|  |TAMS 0x0000000088500000, 0x0000000088500000| Untracked 
| 134|0x0000000088600000, 0x0000000088600000, 0x0000000088700000|  0%| F|  |TAMS 0x0000000088600000, 0x0000000088600000| Untracked 
| 135|0x0000000088700000, 0x0000000088700000, 0x0000000088800000|  0%| F|  |TAMS 0x0000000088700000, 0x0000000088700000| Untracked 
| 136|0x0000000088800000, 0x0000000088800000, 0x0000000088900000|  0%| F|  |TAMS 0x0000000088800000, 0x0000000088800000| Untracked 
| 137|0x0000000088900000, 0x0000000088900000, 0x0000000088a00000|  0%| F|  |TAMS 0x0000000088900000, 0x0000000088900000| Untracked 
| 138|0x0000000088a00000, 0x0000000088a00000, 0x0000000088b00000|  0%| F|  |TAMS 0x0000000088a00000, 0x0000000088a00000| Untracked 
| 139|0x0000000088b00000, 0x0000000088b00000, 0x0000000088c00000|  0%| F|  |TAMS 0x0000000088b00000, 0x0000000088b00000| Untracked 
| 140|0x0000000088c00000, 0x0000000088c00000, 0x0000000088d00000|  0%| F|  |TAMS 0x0000000088c00000, 0x0000000088c00000| Untracked 
| 141|0x0000000088d00000, 0x0000000088d00000, 0x0000000088e00000|  0%| F|  |TAMS 0x0000000088d00000, 0x0000000088d00000| Untracked 
| 142|0x0000000088e00000, 0x0000000088e00000, 0x0000000088f00000|  0%| F|  |TAMS 0x0000000088e00000, 0x0000000088e00000| Untracked 
| 143|0x0000000088f00000, 0x0000000088f00000, 0x0000000089000000|  0%| F|  |TAMS 0x0000000088f00000, 0x0000000088f00000| Untracked 
| 144|0x0000000089000000, 0x0000000089000000, 0x0000000089100000|  0%| F|  |TAMS 0x0000000089000000, 0x0000000089000000| Untracked 
| 145|0x0000000089100000, 0x0000000089100000, 0x0000000089200000|  0%| F|  |TAMS 0x0000000089100000, 0x0000000089100000| Untracked 
| 146|0x0000000089200000, 0x0000000089200000, 0x0000000089300000|  0%| F|  |TAMS 0x0000000089200000, 0x0000000089200000| Untracked 
| 147|0x0000000089300000, 0x0000000089300000, 0x0000000089400000|  0%| F|  |TAMS 0x0000000089300000, 0x0000000089300000| Untracked 
| 148|0x0000000089400000, 0x0000000089400000, 0x0000000089500000|  0%| F|  |TAMS 0x0000000089400000, 0x0000000089400000| Untracked 
| 149|0x0000000089500000, 0x0000000089500000, 0x0000000089600000|  0%| F|  |TAMS 0x0000000089500000, 0x0000000089500000| Untracked 
| 150|0x0000000089600000, 0x0000000089600000, 0x0000000089700000|  0%| F|  |TAMS 0x0000000089600000, 0x0000000089600000| Untracked 
| 151|0x0000000089700000, 0x0000000089700000, 0x0000000089800000|  0%| F|  |TAMS 0x0000000089700000, 0x0000000089700000| Untracked 
| 152|0x0000000089800000, 0x0000000089800000, 0x0000000089900000|  0%| F|  |TAMS 0x0000000089800000, 0x0000000089800000| Untracked 
| 153|0x0000000089900000, 0x0000000089900000, 0x0000000089a00000|  0%| F|  |TAMS 0x0000000089900000, 0x0000000089900000| Untracked 
| 154|0x0000000089a00000, 0x0000000089a00000, 0x0000000089b00000|  0%| F|  |TAMS 0x0000000089a00000, 0x0000000089a00000| Untracked 
| 155|0x0000000089b00000, 0x0000000089b00000, 0x0000000089c00000|  0%| F|  |TAMS 0x0000000089b00000, 0x0000000089b00000| Untracked 
| 156|0x0000000089c00000, 0x0000000089c00000, 0x0000000089d00000|  0%| F|  |TAMS 0x0000000089c00000, 0x0000000089c00000| Untracked 
| 157|0x0000000089d00000, 0x0000000089d00000, 0x0000000089e00000|  0%| F|  |TAMS 0x0000000089d00000, 0x0000000089d00000| Untracked 
| 158|0x0000000089e00000, 0x0000000089e00000, 0x0000000089f00000|  0%| F|  |TAMS 0x0000000089e00000, 0x0000000089e00000| Untracked 
| 159|0x0000000089f00000, 0x0000000089f00000, 0x000000008a000000|  0%| F|  |TAMS 0x0000000089f00000, 0x0000000089f00000| Untracked 
| 160|0x000000008a000000, 0x000000008a000000, 0x000000008a100000|  0%| F|  |TAMS 0x000000008a000000, 0x000000008a000000| Untracked 
| 161|0x000000008a100000, 0x000000008a100000, 0x000000008a200000|  0%| F|  |TAMS 0x000000008a100000, 0x000000008a100000| Untracked 
| 162|0x000000008a200000, 0x000000008a200000, 0x000000008a300000|  0%| F|  |TAMS 0x000000008a200000, 0x000000008a200000| Untracked 
| 163|0x000000008a300000, 0x000000008a300000, 0x000000008a400000|  0%| F|  |TAMS 0x000000008a300000, 0x000000008a300000| Untracked 
| 164|0x000000008a400000, 0x000000008a400000, 0x000000008a500000|  0%| F|  |TAMS 0x000000008a400000, 0x000000008a400000| Untracked 
| 165|0x000000008a500000, 0x000000008a500000, 0x000000008a600000|  0%| F|  |TAMS 0x000000008a500000, 0x000000008a500000| Untracked 
| 166|0x000000008a600000, 0x000000008a600000, 0x000000008a700000|  0%| F|  |TAMS 0x000000008a600000, 0x000000008a600000| Untracked 
| 167|0x000000008a700000, 0x000000008a700000, 0x000000008a800000|  0%| F|  |TAMS 0x000000008a700000, 0x000000008a700000| Untracked 
| 168|0x000000008a800000, 0x000000008a800000, 0x000000008a900000|  0%| F|  |TAMS 0x000000008a800000, 0x000000008a800000| Untracked 
| 169|0x000000008a900000, 0x000000008a900000, 0x000000008aa00000|  0%| F|  |TAMS 0x000000008a900000, 0x000000008a900000| Untracked 
| 170|0x000000008aa00000, 0x000000008aa00000, 0x000000008ab00000|  0%| F|  |TAMS 0x000000008aa00000, 0x000000008aa00000| Untracked 
| 171|0x000000008ab00000, 0x000000008ab00000, 0x000000008ac00000|  0%| F|  |TAMS 0x000000008ab00000, 0x000000008ab00000| Untracked 
| 172|0x000000008ac00000, 0x000000008ac00000, 0x000000008ad00000|  0%| F|  |TAMS 0x000000008ac00000, 0x000000008ac00000| Untracked 
| 173|0x000000008ad00000, 0x000000008ad00000, 0x000000008ae00000|  0%| F|  |TAMS 0x000000008ad00000, 0x000000008ad00000| Untracked 
| 174|0x000000008ae00000, 0x000000008ae00000, 0x000000008af00000|  0%| F|  |TAMS 0x000000008ae00000, 0x000000008ae00000| Untracked 
| 175|0x000000008af00000, 0x000000008af00000, 0x000000008b000000|  0%| F|  |TAMS 0x000000008af00000, 0x000000008af00000| Untracked 
| 176|0x000000008b000000, 0x000000008b000000, 0x000000008b100000|  0%| F|  |TAMS 0x000000008b000000, 0x000000008b000000| Untracked 
| 177|0x000000008b100000, 0x000000008b100000, 0x000000008b200000|  0%| F|  |TAMS 0x000000008b100000, 0x000000008b100000| Untracked 
| 178|0x000000008b200000, 0x000000008b200000, 0x000000008b300000|  0%| F|  |TAMS 0x000000008b200000, 0x000000008b200000| Untracked 
| 179|0x000000008b300000, 0x000000008b300000, 0x000000008b400000|  0%| F|  |TAMS 0x000000008b300000, 0x000000008b300000| Untracked 
| 180|0x000000008b400000, 0x000000008b400000, 0x000000008b500000|  0%| F|  |TAMS 0x000000008b400000, 0x000000008b400000| Untracked 
| 181|0x000000008b500000, 0x000000008b500000, 0x000000008b600000|  0%| F|  |TAMS 0x000000008b500000, 0x000000008b500000| Untracked 
| 182|0x000000008b600000, 0x000000008b600000, 0x000000008b700000|  0%| F|  |TAMS 0x000000008b600000, 0x000000008b600000| Untracked 
| 183|0x000000008b700000, 0x000000008b700000, 0x000000008b800000|  0%| F|  |TAMS 0x000000008b700000, 0x000000008b700000| Untracked 
| 184|0x000000008b800000, 0x000000008b800000, 0x000000008b900000|  0%| F|  |TAMS 0x000000008b800000, 0x000000008b800000| Untracked 
| 185|0x000000008b900000, 0x000000008b900000, 0x000000008ba00000|  0%| F|  |TAMS 0x000000008b900000, 0x000000008b900000| Untracked 
| 186|0x000000008ba00000, 0x000000008ba00000, 0x000000008bb00000|  0%| F|  |TAMS 0x000000008ba00000, 0x000000008ba00000| Untracked 
| 187|0x000000008bb00000, 0x000000008bb00000, 0x000000008bc00000|  0%| F|  |TAMS 0x000000008bb00000, 0x000000008bb00000| Untracked 
| 188|0x000000008bc00000, 0x000000008bc00000, 0x000000008bd00000|  0%| F|  |TAMS 0x000000008bc00000, 0x000000008bc00000| Untracked 
| 189|0x000000008bd00000, 0x000000008bd00000, 0x000000008be00000|  0%| F|  |TAMS 0x000000008bd00000, 0x000000008bd00000| Untracked 
| 190|0x000000008be00000, 0x000000008be00000, 0x000000008bf00000|  0%| F|  |TAMS 0x000000008be00000, 0x000000008be00000| Untracked 
| 191|0x000000008bf00000, 0x000000008bf00000, 0x000000008c000000|  0%| F|  |TAMS 0x000000008bf00000, 0x000000008bf00000| Untracked 
| 192|0x000000008c000000, 0x000000008c000000, 0x000000008c100000|  0%| F|  |TAMS 0x000000008c000000, 0x000000008c000000| Untracked 
| 193|0x000000008c100000, 0x000000008c100000, 0x000000008c200000|  0%| F|  |TAMS 0x000000008c100000, 0x000000008c100000| Untracked 
| 194|0x000000008c200000, 0x000000008c200000, 0x000000008c300000|  0%| F|  |TAMS 0x000000008c200000, 0x000000008c200000| Untracked 
| 195|0x000000008c300000, 0x000000008c400000, 0x000000008c400000|100%| E|  |TAMS 0x000000008c300000, 0x000000008c300000| Complete 
| 196|0x000000008c400000, 0x000000008c500000, 0x000000008c500000|100%| E|CS|TAMS 0x000000008c400000, 0x000000008c400000| Complete 
| 197|0x000000008c500000, 0x000000008c600000, 0x000000008c600000|100%| E|CS|TAMS 0x000000008c500000, 0x000000008c500000| Complete 
| 198|0x000000008c600000, 0x000000008c700000, 0x000000008c700000|100%| E|CS|TAMS 0x000000008c600000, 0x000000008c600000| Complete 
| 199|0x000000008c700000, 0x000000008c800000, 0x000000008c800000|100%| E|CS|TAMS 0x000000008c700000, 0x000000008c700000| Complete 
| 200|0x000000008c800000, 0x000000008c900000, 0x000000008c900000|100%| E|CS|TAMS 0x000000008c800000, 0x000000008c800000| Complete 
| 201|0x000000008c900000, 0x000000008ca00000, 0x000000008ca00000|100%| E|CS|TAMS 0x000000008c900000, 0x000000008c900000| Complete 
| 202|0x000000008ca00000, 0x000000008cb00000, 0x000000008cb00000|100%| E|CS|TAMS 0x000000008ca00000, 0x000000008ca00000| Complete 
| 203|0x000000008cb00000, 0x000000008cc00000, 0x000000008cc00000|100%| E|CS|TAMS 0x000000008cb00000, 0x000000008cb00000| Complete 
| 204|0x000000008cc00000, 0x000000008cd00000, 0x000000008cd00000|100%| E|CS|TAMS 0x000000008cc00000, 0x000000008cc00000| Complete 
| 205|0x000000008cd00000, 0x000000008ce00000, 0x000000008ce00000|100%| E|CS|TAMS 0x000000008cd00000, 0x000000008cd00000| Complete 
| 206|0x000000008ce00000, 0x000000008cf00000, 0x000000008cf00000|100%| E|CS|TAMS 0x000000008ce00000, 0x000000008ce00000| Complete 
| 207|0x000000008cf00000, 0x000000008d000000, 0x000000008d000000|100%| E|CS|TAMS 0x000000008cf00000, 0x000000008cf00000| Complete 
| 208|0x000000008d000000, 0x000000008d100000, 0x000000008d100000|100%| E|CS|TAMS 0x000000008d000000, 0x000000008d000000| Complete 
| 209|0x000000008d100000, 0x000000008d200000, 0x000000008d200000|100%| E|CS|TAMS 0x000000008d100000, 0x000000008d100000| Complete 
| 210|0x000000008d200000, 0x000000008d300000, 0x000000008d300000|100%| E|CS|TAMS 0x000000008d200000, 0x000000008d200000| Complete 
| 211|0x000000008d300000, 0x000000008d400000, 0x000000008d400000|100%| E|CS|TAMS 0x000000008d300000, 0x000000008d300000| Complete 
| 212|0x000000008d400000, 0x000000008d500000, 0x000000008d500000|100%| E|CS|TAMS 0x000000008d400000, 0x000000008d400000| Complete 
| 213|0x000000008d500000, 0x000000008d600000, 0x000000008d600000|100%| E|CS|TAMS 0x000000008d500000, 0x000000008d500000| Complete 
| 214|0x000000008d600000, 0x000000008d700000, 0x000000008d700000|100%| E|CS|TAMS 0x000000008d600000, 0x000000008d600000| Complete 
| 215|0x000000008d700000, 0x000000008d800000, 0x000000008d800000|100%| E|CS|TAMS 0x000000008d700000, 0x000000008d700000| Complete 
| 216|0x000000008d800000, 0x000000008d900000, 0x000000008d900000|100%| E|CS|TAMS 0x000000008d800000, 0x000000008d800000| Complete 
| 217|0x000000008d900000, 0x000000008da00000, 0x000000008da00000|100%| E|CS|TAMS 0x000000008d900000, 0x000000008d900000| Complete 
| 218|0x000000008da00000, 0x000000008db00000, 0x000000008db00000|100%| E|CS|TAMS 0x000000008da00000, 0x000000008da00000| Complete 
| 219|0x000000008db00000, 0x000000008dc00000, 0x000000008dc00000|100%| E|CS|TAMS 0x000000008db00000, 0x000000008db00000| Complete 
| 220|0x000000008dc00000, 0x000000008dd00000, 0x000000008dd00000|100%| E|CS|TAMS 0x000000008dc00000, 0x000000008dc00000| Complete 
| 221|0x000000008dd00000, 0x000000008de00000, 0x000000008de00000|100%| E|CS|TAMS 0x000000008dd00000, 0x000000008dd00000| Complete 
| 222|0x000000008de00000, 0x000000008df00000, 0x000000008df00000|100%| E|CS|TAMS 0x000000008de00000, 0x000000008de00000| Complete 
| 223|0x000000008df00000, 0x000000008e000000, 0x000000008e000000|100%| E|CS|TAMS 0x000000008df00000, 0x000000008df00000| Complete 
| 224|0x000000008e000000, 0x000000008e100000, 0x000000008e100000|100%| E|CS|TAMS 0x000000008e000000, 0x000000008e000000| Complete 
| 225|0x000000008e100000, 0x000000008e200000, 0x000000008e200000|100%| E|CS|TAMS 0x000000008e100000, 0x000000008e100000| Complete 
| 226|0x000000008e200000, 0x000000008e300000, 0x000000008e300000|100%| E|CS|TAMS 0x000000008e200000, 0x000000008e200000| Complete 
| 227|0x000000008e300000, 0x000000008e400000, 0x000000008e400000|100%| E|CS|TAMS 0x000000008e300000, 0x000000008e300000| Complete 
| 228|0x000000008e400000, 0x000000008e500000, 0x000000008e500000|100%| E|CS|TAMS 0x000000008e400000, 0x000000008e400000| Complete 
| 229|0x000000008e500000, 0x000000008e600000, 0x000000008e600000|100%| E|CS|TAMS 0x000000008e500000, 0x000000008e500000| Complete 
| 230|0x000000008e600000, 0x000000008e700000, 0x000000008e700000|100%| E|CS|TAMS 0x000000008e600000, 0x000000008e600000| Complete 
| 231|0x000000008e700000, 0x000000008e800000, 0x000000008e800000|100%| E|CS|TAMS 0x000000008e700000, 0x000000008e700000| Complete 
| 232|0x000000008e800000, 0x000000008e900000, 0x000000008e900000|100%| E|CS|TAMS 0x000000008e800000, 0x000000008e800000| Complete 
| 233|0x000000008e900000, 0x000000008ea00000, 0x000000008ea00000|100%| E|CS|TAMS 0x000000008e900000, 0x000000008e900000| Complete 
| 234|0x000000008ea00000, 0x000000008eaf8ed0, 0x000000008eb00000| 97%| S|CS|TAMS 0x000000008ea00000, 0x000000008ea00000| Complete 
| 235|0x000000008eb00000, 0x000000008ec00000, 0x000000008ec00000|100%| E|CS|TAMS 0x000000008eb00000, 0x000000008eb00000| Complete 
| 236|0x000000008ec00000, 0x000000008ed00000, 0x000000008ed00000|100%| E|CS|TAMS 0x000000008ec00000, 0x000000008ec00000| Complete 
| 237|0x000000008ed00000, 0x000000008ee00000, 0x000000008ee00000|100%| E|CS|TAMS 0x000000008ed00000, 0x000000008ed00000| Complete 
| 238|0x000000008ee00000, 0x000000008ef00000, 0x000000008ef00000|100%| E|CS|TAMS 0x000000008ee00000, 0x000000008ee00000| Complete 
| 239|0x000000008ef00000, 0x000000008f000000, 0x000000008f000000|100%| E|CS|TAMS 0x000000008ef00000, 0x000000008ef00000| Complete 
| 240|0x000000008f000000, 0x000000008f100000, 0x000000008f100000|100%| E|CS|TAMS 0x000000008f000000, 0x000000008f000000| Complete 
| 241|0x000000008f100000, 0x000000008f200000, 0x000000008f200000|100%| E|CS|TAMS 0x000000008f100000, 0x000000008f100000| Complete 
| 242|0x000000008f200000, 0x000000008f300000, 0x000000008f300000|100%| E|CS|TAMS 0x000000008f200000, 0x000000008f200000| Complete 
| 243|0x000000008f300000, 0x000000008f400000, 0x000000008f400000|100%| E|CS|TAMS 0x000000008f300000, 0x000000008f300000| Complete 
| 244|0x000000008f400000, 0x000000008f500000, 0x000000008f500000|100%| E|CS|TAMS 0x000000008f400000, 0x000000008f400000| Complete 
| 245|0x000000008f500000, 0x000000008f600000, 0x000000008f600000|100%| E|CS|TAMS 0x000000008f500000, 0x000000008f500000| Complete 
| 246|0x000000008f600000, 0x000000008f700000, 0x000000008f700000|100%| E|CS|TAMS 0x000000008f600000, 0x000000008f600000| Complete 
| 247|0x000000008f700000, 0x000000008f800000, 0x000000008f800000|100%| E|CS|TAMS 0x000000008f700000, 0x000000008f700000| Complete 
| 248|0x000000008f800000, 0x000000008f900000, 0x000000008f900000|100%| E|CS|TAMS 0x000000008f800000, 0x000000008f800000| Complete 
| 249|0x000000008f900000, 0x000000008fa00000, 0x000000008fa00000|100%| E|CS|TAMS 0x000000008f900000, 0x000000008f900000| Complete 
| 250|0x000000008fa00000, 0x000000008fb00000, 0x000000008fb00000|100%| E|CS|TAMS 0x000000008fa00000, 0x000000008fa00000| Complete 
| 251|0x000000008fb00000, 0x000000008fc00000, 0x000000008fc00000|100%| E|CS|TAMS 0x000000008fb00000, 0x000000008fb00000| Complete 
| 252|0x000000008fc00000, 0x000000008fd00000, 0x000000008fd00000|100%| E|CS|TAMS 0x000000008fc00000, 0x000000008fc00000| Complete 
| 253|0x000000008fd00000, 0x000000008fe00000, 0x000000008fe00000|100%| E|CS|TAMS 0x000000008fd00000, 0x000000008fd00000| Complete 

Card table byte_map: [0x0000027afb440000,0x0000027afb840000] _byte_map_base: 0x0000027afb040000

Marking Bits (Prev, Next): (CMBitMap*) 0x0000027af721e2d0, (CMBitMap*) 0x0000027af721e298
 Prev Bits: [0x0000027afdc40000, 0x0000027affc40000)
 Next Bits: [0x0000027afbc40000, 0x0000027afdc40000)

Polling page: 0x0000027af69b0000

Metaspace:

Usage:
  Non-class:     23.35 MB capacity,    22.86 MB ( 98%) used,   437.86 KB (  2%) free+waste,    58.44 KB ( <1%) overhead. 
      Class:      3.67 MB capacity,     3.42 MB ( 93%) used,   223.77 KB (  6%) free+waste,    29.50 KB ( <1%) overhead. 
       Both:     27.02 MB capacity,    26.29 MB ( 97%) used,   661.63 KB (  2%) free+waste,    87.94 KB ( <1%) overhead. 

Virtual space:
  Non-class space:       24.00 MB reserved,      23.50 MB ( 98%) committed 
      Class space:        1.00 GB reserved,       3.75 MB ( <1%) committed 
             Both:        1.02 GB reserved,      27.25 MB (  3%) committed 

Chunk freelists:
   Non-Class:  30.00 KB
       Class:  0 bytes
        Both:  30.00 KB

MaxMetaspaceSize: 17179869184.00 GB
CompressedClassSpaceSize: 1.00 GB
Initial GC threshold: 20.80 MB
Current GC threshold: 35.20 MB
CDS: off

CodeHeap 'non-profiled nmethods': size=120000Kb used=1239Kb max_used=1239Kb free=118760Kb
 bounds [0x0000027a87ad0000, 0x0000027a87d40000, 0x0000027a8f000000]
CodeHeap 'profiled nmethods': size=120000Kb used=4909Kb max_used=4909Kb free=115091Kb
 bounds [0x0000027a805a0000, 0x0000027a80a70000, 0x0000027a87ad0000]
CodeHeap 'non-nmethods': size=5760Kb used=1223Kb max_used=1255Kb free=4536Kb
 bounds [0x0000027a80000000, 0x0000027a80270000, 0x0000027a805a0000]
 total_blobs=2801 nmethods=2299 adapters=414
 compilation: enabled
              stopped_count=0, restarted_count=0
 full_count=0

Compilation events (20 events):
Event: 4.939 Thread 0x0000027a9200e000 nmethod 2240 0x0000027a80a42c10 code [0x0000027a80a43560, 0x0000027a80a48368]
Event: 4.940 Thread 0x0000027a9200e000 2241       1       java.util.Calendar::getZone (5 bytes)
Event: 4.940 Thread 0x0000027a9200e000 nmethod 2241 0x0000027a87bffa10 code [0x0000027a87bffbc0, 0x0000027a87bffc78]
Event: 4.961 Thread 0x0000027a95443800 2242       4       java.io.BufferedInputStream::getBufIfOpen (21 bytes)
Event: 4.962 Thread 0x0000027a95443800 nmethod 2242 0x0000027a87bffd10 code [0x0000027a87bffea0, 0x0000027a87bfff18]
Event: 4.964 Thread 0x0000027a95443800 2243       4       jdk.internal.org.objectweb.asm.Item::isEqualTo (354 bytes)
Event: 4.966 Thread 0x0000027a9200e000 2245       3       java.io.BufferedInputStream::read1 (108 bytes)
Event: 4.967 Thread 0x0000027a9200e000 nmethod 2245 0x0000027a80a4a010 code [0x0000027a80a4a260, 0x0000027a80a4ab18]
Event: 4.967 Thread 0x0000027a9200e000 2246  s    3       java.io.BufferedInputStream::read (113 bytes)
Event: 4.967 Thread 0x0000027a9200e000 nmethod 2246 0x0000027a80a4ae10 code [0x0000027a80a4b040, 0x0000027a80a4b998]
Event: 4.967 Thread 0x0000027a9200e000 2247       3       java.io.DataInputStream::readLong (128 bytes)
Event: 4.968 Thread 0x0000027a9200e000 nmethod 2247 0x0000027a80a4bc10 code [0x0000027a80a4bde0, 0x0000027a80a4c0e8]
Event: 4.968 Thread 0x0000027a9200e000 2249       3       org.gradle.cache.internal.btree.BlockPointer::pos (56 bytes)
Event: 4.969 Thread 0x0000027a9200e000 nmethod 2249 0x0000027a80a4c290 code [0x0000027a80a4c500, 0x0000027a80a4cef8]
Event: 4.969 Thread 0x0000027a9200e000 2248       3       com.google.common.io.CountingInputStream::read (33 bytes)
Event: 4.969 Thread 0x0000027a9200e000 nmethod 2248 0x0000027a80a4d290 code [0x0000027a80a4d440, 0x0000027a80a4d648]
Event: 4.970 Thread 0x0000027a9200e000 2250       3       java.util.concurrent.locks.ReentrantLock$Sync::nonfairTryAcquire (67 bytes)
Event: 4.971 Thread 0x0000027a9200e000 nmethod 2250 0x0000027a80a4d710 code [0x0000027a80a4d960, 0x0000027a80a4e248]
Event: 4.974 Thread 0x0000027a95443800 nmethod 2243 0x0000027a87c00410 code [0x0000027a87c005e0, 0x0000027a87c00d98]
Event: 4.982 Thread 0x0000027a9200e000 2251       3       java.lang.invoke.MethodHandles$Lookup::getDirectMethodCommon (275 bytes)

GC Heap History (6 events):
Event: 1.336 GC heap before
{Heap before GC invocations=0 (full 0):
 garbage-first heap   total 260096K, used 29696K [0x0000000080000000, 0x0000000100000000)
  region size 1024K, 24 young (24576K), 0 survivors (0K)
 Metaspace       used 10106K, capacity 10331K, committed 10624K, reserved 1058816K
  class space    used 1037K, capacity 1106K, committed 1152K, reserved 1048576K
}
Event: 1.344 GC heap after
{Heap after GC invocations=1 (full 0):
 garbage-first heap   total 260096K, used 9473K [0x0000000080000000, 0x0000000100000000)
  region size 1024K, 3 young (3072K), 3 survivors (3072K)
 Metaspace       used 10106K, capacity 10331K, committed 10624K, reserved 1058816K
  class space    used 1037K, capacity 1106K, committed 1152K, reserved 1048576K
}
Event: 3.848 GC heap before
{Heap before GC invocations=1 (full 0):
 garbage-first heap   total 260096K, used 92417K [0x0000000080000000, 0x0000000100000000)
  region size 1024K, 84 young (86016K), 3 survivors (3072K)
 Metaspace       used 18852K, capacity 19317K, committed 19584K, reserved 1067008K
  class space    used 2223K, capacity 2392K, committed 2432K, reserved 1048576K
}
Event: 3.857 GC heap after
{Heap after GC invocations=2 (full 0):
 garbage-first heap   total 260096K, used 16195K [0x0000000080000000, 0x0000000100000000)
  region size 1024K, 10 young (10240K), 10 survivors (10240K)
 Metaspace       used 18852K, capacity 19317K, committed 19584K, reserved 1067008K
  class space    used 2223K, capacity 2392K, committed 2432K, reserved 1048576K
}
Event: 4.087 GC heap before
{Heap before GC invocations=2 (full 0):
 garbage-first heap   total 260096K, used 34627K [0x0000000080000000, 0x0000000100000000)
  region size 1024K, 29 young (29696K), 10 survivors (10240K)
 Metaspace       used 20711K, capacity 21222K, committed 21296K, reserved 1069056K
  class space    used 2515K, capacity 2665K, committed 2688K, reserved 1048576K
}
Event: 4.096 GC heap after
{Heap after GC invocations=3 (full 0):
 garbage-first heap   total 260096K, used 17103K [0x0000000080000000, 0x0000000100000000)
  region size 1024K, 1 young (1024K), 1 survivors (1024K)
 Metaspace       used 20711K, capacity 21222K, committed 21296K, reserved 1069056K
  class space    used 2515K, capacity 2665K, committed 2688K, reserved 1048576K
}

Deoptimization events (20 events):
Event: 4.235 Thread 0x0000027a93edb000 Uncommon trap: trap_request=0xffffff4d fr.pc=0x0000027a87bbf418 relative=0x0000000000000398
Event: 4.235 Thread 0x0000027a93edb000 Uncommon trap: reason=unstable_if action=reinterpret pc=0x0000027a87bbf418 method=jdk.internal.org.objectweb.asm.Type.getArgumentsAndReturnSizes(Ljava/lang/String;)I @ 88 c2
Event: 4.235 Thread 0x0000027a93edb000 DEOPT PACKING pc=0x0000027a87bbf418 sp=0x000000ce855f9580
Event: 4.235 Thread 0x0000027a93edb000 DEOPT UNPACKING pc=0x0000027a8004a1af sp=0x000000ce855f9508 mode 2
Event: 4.471 Thread 0x0000027a93edb000 Uncommon trap: trap_request=0xffffff4d fr.pc=0x0000027a87b2a7fc relative=0x000000000000023c
Event: 4.471 Thread 0x0000027a93edb000 Uncommon trap: reason=unstable_if action=reinterpret pc=0x0000027a87b2a7fc method=java.util.concurrent.ConcurrentHashMap.get(Ljava/lang/Object;)Ljava/lang/Object; @ 76 c2
Event: 4.471 Thread 0x0000027a93edb000 DEOPT PACKING pc=0x0000027a87b2a7fc sp=0x000000ce855f8600
Event: 4.471 Thread 0x0000027a93edb000 DEOPT UNPACKING pc=0x0000027a8004a1af sp=0x000000ce855f8568 mode 2
Event: 4.814 Thread 0x0000027a93edb000 Uncommon trap: trap_request=0xffffff7e fr.pc=0x0000027a87bf839c relative=0x000000000000015c
Event: 4.814 Thread 0x0000027a93edb000 Uncommon trap: reason=predicate action=maybe_recompile pc=0x0000027a87bf839c method=com.google.common.base.CharMatcher.indexIn(Ljava/lang/CharSequence;I)I @ 19 c2
Event: 4.814 Thread 0x0000027a93edb000 DEOPT PACKING pc=0x0000027a87bf839c sp=0x000000ce855fb280
Event: 4.814 Thread 0x0000027a93edb000 DEOPT UNPACKING pc=0x0000027a8004a1af sp=0x000000ce855fb210 mode 2
Event: 4.933 Thread 0x0000027a93edb000 Uncommon trap: trap_request=0xffffff4d fr.pc=0x0000027a87b31d28 relative=0x00000000000001e8
Event: 4.933 Thread 0x0000027a93edb000 Uncommon trap: reason=unstable_if action=reinterpret pc=0x0000027a87b31d28 method=java.net.URI.match(CJJ)Z @ 19 c2
Event: 4.933 Thread 0x0000027a93edb000 DEOPT PACKING pc=0x0000027a87b31d28 sp=0x000000ce855fb760
Event: 4.933 Thread 0x0000027a93edb000 DEOPT UNPACKING pc=0x0000027a8004a1af sp=0x000000ce855fb660 mode 2
Event: 4.933 Thread 0x0000027a93edb000 Uncommon trap: trap_request=0xffffff4d fr.pc=0x0000027a87aef168 relative=0x0000000000000048
Event: 4.933 Thread 0x0000027a93edb000 Uncommon trap: reason=unstable_if action=reinterpret pc=0x0000027a87aef168 method=java.net.URI.match(CJJ)Z @ 19 c2
Event: 4.933 Thread 0x0000027a93edb000 DEOPT PACKING pc=0x0000027a87aef168 sp=0x000000ce855fb6a0
Event: 4.933 Thread 0x0000027a93edb000 DEOPT UNPACKING pc=0x0000027a8004a1af sp=0x000000ce855fb650 mode 2

Classes redefined (0 events):
No events

Internal exceptions (20 events):
Event: 4.029 Thread 0x0000027a93edb000 Exception <a 'java/lang/NoSuchMethodError'{0x000000008eee9aa8}: 'java.lang.Object java.lang.invoke.DirectMethodHandle$Holder.invokeStatic(java.lang.Object, java.lang.Object, java.lang.Object, int)'> (0x000000008eee9aa8) thrown at [./src/hotspot/share/interpreter/linkResolver.cpp, line 773]
Event: 4.029 Thread 0x0000027a93edb000 Exception <a 'java/lang/NoSuchMethodError'{0x000000008eeee1c0}: 'java.lang.Object java.lang.invoke.DirectMethodHandle$Holder.invokeSpecial(java.lang.Object, java.lang.Object, java.lang.Object, java.lang.Object, int)'> (0x000000008eeee1c0) thrown at [./src/hotspot/share/interpreter/linkResolver.cpp, line 773]
Event: 4.030 Thread 0x0000027a93edb000 Exception <a 'java/lang/NoSuchMethodError'{0x000000008eef20f8}: 'java.lang.Object java.lang.invoke.Invokers$Holder.linkToTargetMethod(java.lang.Object, java.lang.Object, int, java.lang.Object)'> (0x000000008eef20f8) thrown at [./src/hotspot/share/interpreter/linkResolver.cpp, line 773]
Event: 4.174 Thread 0x0000027a93edb000 Exception <a 'java/lang/NoSuchMethodError'{0x000000008f9153c0}: 'int java.lang.invoke.DirectMethodHandle$Holder.invokeSpecialIFC(java.lang.Object, java.lang.Object, java.lang.Object, java.lang.Object)'> (0x000000008f9153c0) thrown at [./src/hotspot/share/interpreter/linkResolver.cpp, line 773]
Event: 4.176 Thread 0x0000027a93edb000 Exception <a 'java/lang/NoSuchMethodError'{0x000000008f923378}: 'java.lang.Object java.lang.invoke.DirectMethodHandle$Holder.invokeInterface(java.lang.Object, java.lang.Object, java.lang.Object)'> (0x000000008f923378) thrown at [./src/hotspot/share/interpreter/linkResolver.cpp, line 773]
Event: 4.176 Thread 0x0000027a93edb000 Exception <a 'java/lang/IncompatibleClassChangeError'{0x000000008f926850}: Found class java.lang.Object, but interface was expected> (0x000000008f926850) thrown at [./src/hotspot/share/interpreter/linkResolver.cpp, line 839]
Event: 4.287 Thread 0x0000027a93edb000 Exception <a 'java/lang/NoSuchMethodError'{0x000000008f2712e8}: 'void java.lang.invoke.DirectMethodHandle$Holder.invokeSpecial(java.lang.Object, java.lang.Object, java.lang.Object, java.lang.Object, java.lang.Object)'> (0x000000008f2712e8) thrown at [./src/hotspot/share/interpreter/linkResolver.cpp, line 773]
Event: 4.314 Thread 0x0000027a93edb000 Exception <a 'java/lang/NoSuchMethodError'{0x000000008f09b878}: 'java.lang.Object java.lang.invoke.DirectMethodHandle$Holder.invokeSpecial(java.lang.Object, java.lang.Object, java.lang.Object, java.lang.Object, java.lang.Object, java.lang.Object, java.lang.Object, java.lang.Object, java.lang.Object)'> (0x000000008f09b878) thrown at [./src/hotspot/share/interpreter/linkResolver.cpp, line 773]
Event: 4.398 Thread 0x0000027a93edb000 Exception <a 'java/lang/NoSuchMethodError'{0x000000008e573898}: 'java.lang.Object java.lang.invoke.DirectMethodHandle$Holder.invokeVirtual(java.lang.Object, java.lang.Object, java.lang.Object, java.lang.Object)'> (0x000000008e573898) thrown at [./src/hotspot/share/interpreter/linkResolver.cpp, line 773]
Event: 4.516 Thread 0x0000027a93edb000 Exception <a 'java/lang/NoSuchMethodError'{0x000000008dfc2728}: 'void java.lang.invoke.DirectMethodHandle$Holder.invokeSpecial(java.lang.Object, java.lang.Object, java.lang.Object, java.lang.Object, java.lang.Object, java.lang.Object)'> (0x000000008dfc2728) thrown at [./src/hotspot/share/interpreter/linkResolver.cpp, line 773]
Event: 4.532 Thread 0x0000027a93edb000 Exception <a 'java/lang/NoSuchMethodError'{0x000000008de31fa0}: 'void java.lang.invoke.DirectMethodHandle$Holder.invokeSpecial(java.lang.Object, java.lang.Object, java.lang.Object, java.lang.Object, java.lang.Object, java.lang.Object, java.lang.Object)'> (0x000000008de31fa0) thrown at [./src/hotspot/share/interpreter/linkResolver.cpp, line 773]
Event: 4.533 Thread 0x0000027a93edb000 Exception <a 'java/lang/NoSuchMethodError'{0x000000008de3a490}: 'java.lang.Object java.lang.invoke.Invokers$Holder.linkToTargetMethod(java.lang.Object, java.lang.Object, java.lang.Object, java.lang.Object, java.lang.Object, java.lang.Object)'> (0x000000008de3a490) thrown at [./src/hotspot/share/interpreter/linkResolver.cpp, line 773]
Event: 4.569 Thread 0x0000027a93edb000 Exception <a 'java/lang/NoSuchMethodError'{0x000000008dc450e8}: 'java.lang.Object java.lang.invoke.DirectMethodHandle$Holder.invokeVirtual(java.lang.Object, java.lang.Object, java.lang.Object, java.lang.Object, java.lang.Object, java.lang.Object, java.lang.Object, java.lang.Object, java.lang.Object, java.lang.Object, java.lang.Object, java.lang.Object, java.lang.Object, java.lang.Object, java.lang.Object, java.lang.Object, java.lang.Object, java.lang.Object, java.lang.Object, java.lang.Object, java.lang.Ob
Event: 4.653 Thread 0x0000027a93edb000 Exception <a 'java/lang/NoSuchMethodError'{0x000000008d447a10}: 'int java.lang.invoke.DirectMethodHandle$Holder.invokeStaticInit(java.lang.Object, java.lang.Object, java.lang.Object)'> (0x000000008d447a10) thrown at [./src/hotspot/share/interpreter/linkResolver.cpp, line 773]
Event: 4.737 Thread 0x0000027a93edb000 Exception <a 'java/lang/NoSuchMethodError'{0x000000008d0d4b90}: 'void java.lang.invoke.DirectMethodHandle$Holder.invokeStaticInit(java.lang.Object, java.lang.Object)'> (0x000000008d0d4b90) thrown at [./src/hotspot/share/interpreter/linkResolver.cpp, line 773]
Event: 4.868 Thread 0x0000027a93edb000 Exception <a 'java/lang/NoSuchMethodError'{0x000000008ca85bd0}: 'void java.lang.invoke.DirectMethodHandle$Holder.invokeStatic(java.lang.Object, java.lang.Object, java.lang.Object, java.lang.Object)'> (0x000000008ca85bd0) thrown at [./src/hotspot/share/interpreter/linkResolver.cpp, line 773]
Event: 4.872 Thread 0x0000027a93edb000 Exception <a 'java/lang/NoSuchMethodError'{0x000000008caa4d58}: 'int java.lang.invoke.DirectMethodHandle$Holder.invokeVirtual(java.lang.Object, java.lang.Object)'> (0x000000008caa4d58) thrown at [./src/hotspot/share/interpreter/linkResolver.cpp, line 773]
Event: 4.875 Thread 0x0000027a93edb000 Exception <a 'java/lang/NoSuchMethodError'{0x000000008cabd8e8}: 'java.lang.Object java.lang.invoke.DirectMethodHandle$Holder.invokeVirtual(java.lang.Object, java.lang.Object, java.lang.Object)'> (0x000000008cabd8e8) thrown at [./src/hotspot/share/interpreter/linkResolver.cpp, line 773]
Event: 4.879 Thread 0x0000027a93edb000 Exception <a 'java/lang/NoSuchMethodError'{0x000000008c90e7d8}: 'int java.lang.invoke.DirectMethodHandle$Holder.invokeVirtual(java.lang.Object, java.lang.Object, java.lang.Object)'> (0x000000008c90e7d8) thrown at [./src/hotspot/share/interpreter/linkResolver.cpp, line 773]
Event: 4.945 Thread 0x0000027a94922800 Exception <a 'java/lang/NoSuchMethodError'{0x000000008c76df58}: 'void java.lang.invoke.DirectMethodHandle$Holder.invokeSpecial(java.lang.Object, java.lang.Object)'> (0x000000008c76df58) thrown at [./src/hotspot/share/interpreter/linkResolver.cpp, line 773]

Events (20 events):
Event: 4.980 loading class org/gradle/internal/snapshot/FileSystemNode
Event: 4.980 loading class org/gradle/internal/snapshot/FileSystemNode done
Event: 4.980 loading class org/gradle/internal/snapshot/FileSystemLocationSnapshot
Event: 4.980 loading class org/gradle/internal/snapshot/FileSystemLocationSnapshot done
Event: 4.980 loading class org/gradle/internal/watch/registry/impl/SnapshotCollectingDiffListener
Event: 4.980 loading class org/gradle/internal/watch/registry/impl/SnapshotCollectingDiffListener done
Event: 4.980 loading class org/gradle/internal/watch/vfs/impl/WatchingVirtualFileSystem
Event: 4.980 loading class org/gradle/internal/watch/vfs/impl/WatchingVirtualFileSystem done
Event: 4.980 loading class org/gradle/internal/snapshot/SnapshotHierarchy
Event: 4.980 loading class org/gradle/internal/snapshot/SnapshotHierarchy done
Event: 4.980 loading class org/gradle/internal/snapshot/SnapshotHierarchy
Event: 4.980 loading class org/gradle/internal/snapshot/SnapshotHierarchy done
Event: 4.980 loading class org/gradle/internal/snapshot/SnapshotHierarchy
Event: 4.980 loading class org/gradle/internal/snapshot/SnapshotHierarchy done
Event: 4.982 loading class org/gradle/internal/snapshot/SnapshotHierarchy
Event: 4.982 loading class org/gradle/internal/snapshot/SnapshotHierarchy done
Event: 4.982 loading class org/gradle/internal/watch/vfs/impl/WatchingVirtualFileSystem
Event: 4.982 loading class org/gradle/internal/watch/vfs/impl/WatchingVirtualFileSystem done
Event: 4.982 loading class org/gradle/internal/snapshot/SnapshotHierarchy$SnapshotDiffListener
Event: 4.982 loading class org/gradle/internal/snapshot/SnapshotHierarchy$SnapshotDiffListener done


Dynamic libraries:
0x00007ff72ddc0000 - 0x00007ff72ddca000 	C:\Program Files\Android\Android Studio\jre\bin\java.exe
0x00007ff8611d0000 - 0x00007ff8613e4000 	C:\WINDOWS\SYSTEM32\ntdll.dll
0x00007ff85f000000 - 0x00007ff85f0c2000 	C:\WINDOWS\System32\KERNEL32.DLL
0x00007ff85e8b0000 - 0x00007ff85ec4d000 	C:\WINDOWS\System32\KERNELBASE.dll
0x00007ff85e5d0000 - 0x00007ff85e6e1000 	C:\WINDOWS\System32\ucrtbase.dll
0x00007ff838ef0000 - 0x00007ff838f09000 	C:\Program Files\Android\Android Studio\jre\bin\jli.dll
0x00007ff85f180000 - 0x00007ff85f32a000 	C:\WINDOWS\System32\USER32.dll
0x00007ff838ed0000 - 0x00007ff838ee7000 	C:\Program Files\Android\Android Studio\jre\bin\VCRUNTIME140.dll
0x00007ff85ef70000 - 0x00007ff85ef96000 	C:\WINDOWS\System32\win32u.dll
0x00007ff8431a0000 - 0x00007ff84342e000 	C:\WINDOWS\WinSxS\amd64_microsoft.windows.common-controls_6595b64144ccf1df_6.0.22621.608_none_a9444ca7c10bb01d\COMCTL32.dll
0x00007ff85f330000 - 0x00007ff85f359000 	C:\WINDOWS\System32\GDI32.dll
0x00007ff85f380000 - 0x00007ff85f427000 	C:\WINDOWS\System32\msvcrt.dll
0x00007ff85e6f0000 - 0x00007ff85e802000 	C:\WINDOWS\System32\gdi32full.dll
0x00007ff85e810000 - 0x00007ff85e8aa000 	C:\WINDOWS\System32\msvcp_win.dll
0x00007ff85fd10000 - 0x00007ff85fd42000 	C:\WINDOWS\System32\IMM32.DLL
0x00007fffec250000 - 0x00007fffec2ed000 	C:\Program Files\Android\Android Studio\jre\bin\msvcp140.dll
0x00007fffe4ee0000 - 0x00007fffe59e2000 	C:\Program Files\Android\Android Studio\jre\bin\server\jvm.dll
0x00007ff85fc60000 - 0x00007ff85fd0e000 	C:\WINDOWS\System32\ADVAPI32.dll
0x00007ff85f0d0000 - 0x00007ff85f174000 	C:\WINDOWS\System32\sechost.dll
0x00007ff860400000 - 0x00007ff860515000 	C:\WINDOWS\System32\RPCRT4.dll
0x00007ff85fc50000 - 0x00007ff85fc58000 	C:\WINDOWS\System32\PSAPI.DLL
0x00007ff855700000 - 0x00007ff855734000 	C:\WINDOWS\SYSTEM32\WINMM.dll
0x00007ff846a20000 - 0x00007ff846a29000 	C:\WINDOWS\SYSTEM32\WSOCK32.dll
0x00007ff8555b0000 - 0x00007ff8555ba000 	C:\WINDOWS\SYSTEM32\VERSION.dll
0x00007ff860f20000 - 0x00007ff860f91000 	C:\WINDOWS\System32\WS2_32.dll
0x00007ff85d640000 - 0x00007ff85d658000 	C:\WINDOWS\SYSTEM32\kernel.appcore.dll
0x00007ff835bc0000 - 0x00007ff835bd1000 	C:\Program Files\Android\Android Studio\jre\bin\verify.dll
0x00007ff84c490000 - 0x00007ff84c6be000 	C:\WINDOWS\SYSTEM32\DBGHELP.DLL
0x00007ff85f440000 - 0x00007ff85f7ca000 	C:\WINDOWS\System32\combase.dll
0x00007ff860de0000 - 0x00007ff860eb7000 	C:\WINDOWS\System32\OLEAUT32.dll
0x00007ff843160000 - 0x00007ff843192000 	C:\WINDOWS\SYSTEM32\dbgcore.DLL
0x00007ff85ee80000 - 0x00007ff85eefb000 	C:\WINDOWS\System32\bcryptPrimitives.dll
0x00007ff835b90000 - 0x00007ff835bb9000 	C:\Program Files\Android\Android Studio\jre\bin\java.dll
0x00007ff85ae50000 - 0x00007ff85ae5b000 	C:\Program Files\Android\Android Studio\jre\bin\jimage.dll
0x00007ff835b70000 - 0x00007ff835b88000 	C:\Program Files\Android\Android Studio\jre\bin\zip.dll
0x00007ff860600000 - 0x00007ff860de0000 	C:\WINDOWS\System32\SHELL32.dll
0x00007ff85c700000 - 0x00007ff85cfc5000 	C:\WINDOWS\SYSTEM32\windows.storage.dll
0x00007ff85c4d0000 - 0x00007ff85c60e000 	C:\WINDOWS\SYSTEM32\wintypes.dll
0x00007ff860300000 - 0x00007ff8603f1000 	C:\WINDOWS\System32\SHCORE.dll
0x00007ff85efa0000 - 0x00007ff85effe000 	C:\WINDOWS\System32\shlwapi.dll
0x00007ff85e500000 - 0x00007ff85e521000 	C:\WINDOWS\SYSTEM32\profapi.dll
0x00007ff835b50000 - 0x00007ff835b6a000 	C:\Program Files\Android\Android Studio\jre\bin\net.dll
0x00007ff857770000 - 0x00007ff85789f000 	C:\WINDOWS\SYSTEM32\WINHTTP.dll
0x00007ff85db10000 - 0x00007ff85db79000 	C:\WINDOWS\system32\mswsock.dll
0x00007ff835b30000 - 0x00007ff835b44000 	C:\Program Files\Android\Android Studio\jre\bin\nio.dll
0x00007fffeda30000 - 0x00007fffeda57000 	C:\Users\vatsou\.gradle\native\e1d6ef7f7dcc3fd88c89a11ec53ec762bb8ba0a96d01ffa2cd45eb1d1d8dd5c5\windows-amd64\native-platform.dll
0x00007fffeb220000 - 0x00007fffeb364000 	C:\Users\vatsou\.gradle\native\0d407fdbe67a94daf76414ababcb853783967236a71b16ec16e742cd7a986fd3\windows-amd64\native-platform-file-events.dll
0x00007ff8467e0000 - 0x00007ff8467ea000 	C:\Program Files\Android\Android Studio\jre\bin\management.dll
0x00007ff842c30000 - 0x00007ff842c3d000 	C:\Program Files\Android\Android Studio\jre\bin\management_ext.dll
0x00007ff85dd50000 - 0x00007ff85dd6b000 	C:\WINDOWS\SYSTEM32\CRYPTSP.dll
0x00007ff85d5b0000 - 0x00007ff85d5e5000 	C:\WINDOWS\system32\rsaenh.dll
0x00007ff85dc00000 - 0x00007ff85dc28000 	C:\WINDOWS\SYSTEM32\USERENV.dll
0x00007ff85ded0000 - 0x00007ff85def8000 	C:\WINDOWS\SYSTEM32\bcrypt.dll
0x00007ff85dd70000 - 0x00007ff85dd7c000 	C:\WINDOWS\SYSTEM32\CRYPTBASE.dll
0x00007ff85d130000 - 0x00007ff85d15d000 	C:\WINDOWS\SYSTEM32\IPHLPAPI.DLL
0x00007ff8600b0000 - 0x00007ff8600b9000 	C:\WINDOWS\System32\NSI.dll
0x00007ff857750000 - 0x00007ff857769000 	C:\WINDOWS\SYSTEM32\dhcpcsvc6.DLL
0x00007ff857730000 - 0x00007ff85774f000 	C:\WINDOWS\SYSTEM32\dhcpcsvc.DLL
0x00007ff85d160000 - 0x00007ff85d252000 	C:\WINDOWS\SYSTEM32\DNSAPI.dll

dbghelp: loaded successfully - version: 4.0.5 - missing functions: none
symbol engine: initialized successfully - sym options: 0x614 - pdb path: .;C:\Program Files\Android\Android Studio\jre\bin;C:\WINDOWS\SYSTEM32;C:\WINDOWS\WinSxS\amd64_microsoft.windows.common-controls_6595b64144ccf1df_6.0.22621.608_none_a9444ca7c10bb01d;C:\Program Files\Android\Android Studio\jre\bin\server;C:\Users\vatsou\.gradle\native\e1d6ef7f7dcc3fd88c89a11ec53ec762bb8ba0a96d01ffa2cd45eb1d1d8dd5c5\windows-amd64;C:\Users\vatsou\.gradle\native\0d407fdbe67a94daf76414ababcb853783967236a71b16ec16e742cd7a986fd3\windows-amd64

VM Arguments:
jvm_args: --add-opens=java.base/java.util=ALL-UNNAMED --add-opens=java.base/java.lang=ALL-UNNAMED --add-opens=java.base/java.lang.invoke=ALL-UNNAMED --add-opens=java.base/java.util=ALL-UNNAMED --add-opens=java.prefs/java.util.prefs=ALL-UNNAMED --add-opens=java.prefs/java.util.prefs=ALL-UNNAMED --add-opens=java.base/java.nio.charset=ALL-UNNAMED --add-opens=java.base/java.net=ALL-UNNAMED --add-opens=java.base/java.util.concurrent.atomic=ALL-UNNAMED -Xmx2048m -Dfile.encoding=windows-1252 -Duser.country=FR -Duser.language=fr -Duser.variant 
java_command: org.gradle.launcher.daemon.bootstrap.GradleDaemon 7.4
java_class_path (initial): C:\Users\vatsou\.gradle\wrapper\dists\gradle-7.4-all\aadb4xli5jkdsnukm30eibyiu\gradle-7.4\lib\gradle-launcher-7.4.jar
Launcher Type: SUN_STANDARD

[Global flags]
     intx CICompilerCount                          = 4                                         {product} {ergonomic}
     uint ConcGCThreads                            = 2                                         {product} {ergonomic}
     uint G1ConcRefinementThreads                  = 8                                         {product} {ergonomic}
   size_t G1HeapRegionSize                         = 1048576                                   {product} {ergonomic}
    uintx GCDrainStackTargetSize                   = 64                                        {product} {ergonomic}
   size_t InitialHeapSize                          = 266338304                                 {product} {ergonomic}
   size_t MarkStackSize                            = 4194304                                   {product} {ergonomic}
   size_t MaxHeapSize                              = 2147483648                                {product} {command line}
   size_t MaxNewSize                               = 1287651328                                {product} {ergonomic}
   size_t MinHeapDeltaBytes                        = 1048576                                   {product} {ergonomic}
    uintx NonNMethodCodeHeapSize                   = 5836300                                {pd product} {ergonomic}
    uintx NonProfiledCodeHeapSize                  = 122910970                              {pd product} {ergonomic}
    uintx ProfiledCodeHeapSize                     = 122910970                              {pd product} {ergonomic}
    uintx ReservedCodeCacheSize                    = 251658240                              {pd product} {ergonomic}
     bool SegmentedCodeCache                       = true                                      {product} {ergonomic}
     bool UseCompressedClassPointers               = true                                 {lp64_product} {ergonomic}
     bool UseCompressedOops                        = true                                 {lp64_product} {ergonomic}
     bool UseG1GC                                  = true                                      {product} {ergonomic}
     bool UseLargePagesIndividualAllocation        = false                                  {pd product} {ergonomic}

Logging:
Log output configuration:
 #0: stdout all=warning uptime,level,tags
 #1: stderr all=off uptime,level,tags

Environment Variables:
PATH=C:\Program Files\Common Files\Oracle\Java\javapath;C:\WINDOWS\system32;C:\WINDOWS;C:\WINDOWS\System32\Wbem;C:\WINDOWS\System32\WindowsPowerShell\v1.0\;C:\WINDOWS\System32\OpenSSH\;C:\Program Files\SafeNet\Authentication\SAC\x64;C:\Program Files\SafeNet\Authentication\SAC\x32;C:\Program Files (x86)\IBM\Client Access\Emulator;C:\Program Files (x86)\IBM\Client Access\Shared;C:\Program Files (x86)\IBM\Client Access\;C:\Program Files\Microsoft SQL Server\Client SDK\ODBC\170\Tools\Binn\;C:\Program Files (x86)\Microsoft SQL Server\150\Tools\Binn\;C:\Program Files\Microsoft SQL Server\150\Tools\Binn\;C:\Program Files\Microsoft SQL Server\150\DTS\Binn\;C:\Program Files (x86)\Microsoft SQL Server\150\DTS\Binn\;C:\Program Files\Azure Data Studio\bin;C:\Users\vatsou\AppData\Local\Microsoft\WindowsApps;C:\Users\vatsou\AppData\Local\Polycom\RealPresence Desktop\;C:\Users\vatsou\AppData\Local\Programs\Git\cmd;C:\Program Files\Azure Data Studio\bin;C:\Users\vatsou\AppData\Local\Programs\Microsoft VS Code\bin;C:\flutter\bin;
USERNAME=vatsou
OS=Windows_NT
PROCESSOR_IDENTIFIER=Intel64 Family 6 Model 142 Stepping 12, GenuineIntel



---------------  S Y S T E M  ---------------

OS: Windows 11 , 64 bit Build 22621 (10.0.22621.755)
OS uptime: 1 days 14:56 hours

CPU:total 8 (initial active 8) (4 cores per cpu, 2 threads per core) family 6 model 142 stepping 12 microcode 0xf0, cmov, cx8, fxsr, mmx, sse, sse2, sse3, ssse3, sse4.1, sse4.2, popcnt, avx, avx2, aes, clmul, erms, 3dnowpref, lzcnt, ht, tsc, tscinvbit, bmi1, bmi2, adx, fma

Memory: 4k page, system-wide physical 16134M (2549M free)
TotalPageFile size 16134M (AvailPageFile size 5M)
current process WorkingSet (physical memory assigned to process): 251M, peak: 252M
current process commit charge ("private bytes"): 437M, peak: 438M

vm_info: OpenJDK 64-Bit Server VM (11.0.13+0-b1751.21-8125866) for windows-amd64 JRE (11.0.13+0-b1751.21-8125866), built on Feb  2 2022 03:00:22 by "builder" with MS VC++ 14.0 (VS2015)

END.
